<?xml version="1.0" encoding="UTF-8"?>
<testng-results skipped="0" failed="0" ignored="0" total="1" passed="1">
  <reporter-output>
  </reporter-output>
  <suite name="Command line suite" duration-ms="46793" started-at="2017-04-19T19:55:46Z" finished-at="2017-04-19T19:56:33Z">
    <groups>
    </groups>
    <test name="Command line test" duration-ms="46793" started-at="2017-04-19T19:55:46Z" finished-at="2017-04-19T19:56:33Z">
      <class name="Tests.SignInPageTest">
        <test-method status="PASS" signature="start()[pri:0, instance:Tests.SignInPageTest@1554909b]" name="start" is-config="true" duration-ms="13021" started-at="2017-04-19T23:55:46Z" finished-at="2017-04-19T23:55:59Z">
          <reporter-output>
          </reporter-output>
        </test-method> <!-- start -->
        <test-method status="PASS" signature="validateSignInWorks(java.lang.String, java.lang.String)[pri:0, instance:Tests.SignInPageTest@1554909b]" name="validateSignInWorks" duration-ms="30520" started-at="2017-04-19T23:55:59Z" data-provider="PTData_signIn" finished-at="2017-04-19T23:56:30Z">
          <params>
            <param index="0">
              <value>
                <![CDATA[aaa]]>
              </value>
            </param>
            <param index="1">
              <value>
                <![CDATA[aaa]]>
              </value>
            </param>
          </params>
          <reporter-output>
          </reporter-output>
        </test-method> <!-- validateSignInWorks -->
        <test-method status="PASS" signature="finish()[pri:0, instance:Tests.SignInPageTest@1554909b]" name="finish" is-config="true" duration-ms="3225" started-at="2017-04-19T23:56:30Z" finished-at="2017-04-19T23:56:33Z">
          <reporter-output>
          </reporter-output>
        </test-method> <!-- finish -->
      </class> <!-- Tests.SignInPageTest -->
    </test> <!-- Command line test -->
  </suite> <!-- Command line suite -->
</testng-results>
